2025-01-21 17:06:24,575 INFO o.a.j.u.JMeterUtils: Setting Locale to en_EN
2025-01-21 17:06:24,587 INFO o.a.j.JMeter: Loading user properties from: /opt/homebrew/Cellar/jmeter/5.6.3/libexec/bin/user.properties
2025-01-21 17:06:24,587 INFO o.a.j.JMeter: Loading system properties from: /opt/homebrew/Cellar/jmeter/5.6.3/libexec/bin/system.properties
2025-01-21 17:06:24,590 INFO o.a.j.JMeter: Copyright (c) 1998-2024 The Apache Software Foundation
2025-01-21 17:06:24,590 INFO o.a.j.JMeter: Version 5.6.3
2025-01-21 17:06:24,590 INFO o.a.j.JMeter: java.version=23.0.1
2025-01-21 17:06:24,590 INFO o.a.j.JMeter: java.vm.name=OpenJDK 64-Bit Server VM
2025-01-21 17:06:24,590 INFO o.a.j.JMeter: os.name=Mac OS X
2025-01-21 17:06:24,590 INFO o.a.j.JMeter: os.arch=aarch64
2025-01-21 17:06:24,590 INFO o.a.j.JMeter: os.version=13.2.1
2025-01-21 17:06:24,590 INFO o.a.j.JMeter: file.encoding=UTF-8
2025-01-21 17:06:24,590 INFO o.a.j.JMeter: java.awt.headless=null
2025-01-21 17:06:24,590 INFO o.a.j.JMeter: Max memory     =1073741824
2025-01-21 17:06:24,590 INFO o.a.j.JMeter: Available Processors =10
2025-01-21 17:06:24,595 INFO o.a.j.JMeter: Default Locale=English (EN)
2025-01-21 17:06:24,595 INFO o.a.j.JMeter: JMeter  Locale=English (EN)
2025-01-21 17:06:24,595 INFO o.a.j.JMeter: JMeterHome=/opt/homebrew/Cellar/jmeter/5.6.3/libexec
2025-01-21 17:06:24,595 INFO o.a.j.JMeter: user.dir  =/Users/csyoon/test-dir/git-test
2025-01-21 17:06:24,595 INFO o.a.j.JMeter: PWD       =/Users/csyoon/test-dir/git-test
2025-01-21 17:06:24,596 INFO o.a.j.JMeter: IP: 127.0.0.1 Name: csyoons-MacBook-Pro.local FullName: localhost
2025-01-21 17:06:24,602 INFO o.a.j.JMeter: Loaded icon properties from org/apache/jmeter/images/icon.properties
2025-01-21 17:06:25,941 INFO o.a.j.JMeterGuiLauncher: Setting LAF to: com.github.weisj.darklaf.DarkLaf:com.github.weisj.darklaf.theme.DarculaTheme
2025-01-21 17:06:27,028 INFO o.a.j.r.ClassFinder: Will scan jar /opt/homebrew/Cellar/jmeter/5.6.3/libexec/lib/ext/jmeter-plugins-manager-1.9.jar with filter ExtendsClassFilter [parents=[interface org.apache.jmeter.gui.action.Command], inner=false, contains=null, notContains=null]. Consider exposing JMeter plugins via META-INF/services, and add JMeter-Skip-Class-Scanning=true manifest attribute so JMeter can skip classfile scanning
2025-01-21 17:06:27,096 INFO o.a.j.r.ClassFinder: Will scan jar /opt/homebrew/Cellar/jmeter/5.6.3/libexec/lib/ext/jmeter-plugins-manager-1.9.jar with filter ExtendsClassFilter [parents=[interface org.apache.jmeter.gui.plugin.MenuCreator], inner=false, contains=null, notContains=null]. Consider exposing JMeter plugins via META-INF/services, and add JMeter-Skip-Class-Scanning=true manifest attribute so JMeter can skip classfile scanning
2025-01-21 17:06:27,145 INFO o.j.r.JARSourceHTTP: Requesting https://jmeter-plugins.org/repo/?installID=mac_os_x-853ee8c5c305b306915d2a447eee384f-gui
2025-01-21 17:06:29,153 INFO o.j.r.PluginManager: Plugins Status: [jpgc-plugins-manager=1.9, jmeter-core=5.6.3, jmeter-ftp=5.6.3, jmeter-http=5.6.3, jmeter-jdbc=5.6.3, jmeter-jms=5.6.3, jmeter-junit=5.6.3, jmeter-java=5.6.3, jmeter-ldap=5.6.3, jmeter-mail=5.6.3, jmeter-mongodb=5.6.3, jmeter-native=5.6.3, jmeter-tcp=5.6.3, jmeter-components=5.6.3]
2025-01-21 17:06:29,154 INFO o.j.r.PluginManagerMenuItem: Plugins Manager has upgrades: [jpgc-plugins-manager]
2025-01-21 17:08:01,687 INFO o.a.j.p.h.s.HTTPSamplerBase: Parser for text/html is org.apache.jmeter.protocol.http.parser.LagartoBasedHtmlParser
2025-01-21 17:08:01,688 INFO o.a.j.p.h.s.HTTPSamplerBase: Parser for application/xhtml+xml is org.apache.jmeter.protocol.http.parser.LagartoBasedHtmlParser
2025-01-21 17:08:01,688 INFO o.a.j.p.h.s.HTTPSamplerBase: Parser for application/xml is org.apache.jmeter.protocol.http.parser.LagartoBasedHtmlParser
2025-01-21 17:08:01,688 INFO o.a.j.p.h.s.HTTPSamplerBase: Parser for text/xml is org.apache.jmeter.protocol.http.parser.LagartoBasedHtmlParser
2025-01-21 17:08:01,688 INFO o.a.j.p.h.s.HTTPSamplerBase: Parser for text/vnd.wap.wml is org.apache.jmeter.protocol.http.parser.RegexpHTMLParser
2025-01-21 17:08:01,688 INFO o.a.j.p.h.s.HTTPSamplerBase: Parser for text/css is org.apache.jmeter.protocol.http.parser.CssParser
2025-01-21 17:14:32,169 INFO o.a.j.p.h.c.CacheManager: Will only cache the following methods: [GET]
2025-01-21 17:15:31,944 INFO o.a.j.s.FileServer: Default base='/Users/csyoon/test-dir/git-test'
2025-01-21 17:15:31,945 INFO o.a.j.s.FileServer: Set new base='/Users/csyoon/test-dir/git-test'
2025-01-21 17:15:32,075 INFO o.a.j.s.SaveService: Testplan (JMX) version: 2.2. Testlog (JTL) version: 2.2
2025-01-21 17:15:32,078 INFO o.a.j.s.SaveService: Using SaveService properties version 5.0
2025-01-21 17:15:32,079 INFO o.a.j.s.SaveService: Using SaveService properties file encoding UTF-8
2025-01-21 17:15:32,095 INFO o.a.j.e.StandardJMeterEngine: Running the test!
2025-01-21 17:15:32,096 INFO o.a.j.s.SampleEvent: List of sample_variables: []
2025-01-21 17:15:32,096 INFO o.a.j.s.SampleEvent: List of sample_variables: []
2025-01-21 17:15:32,096 INFO o.a.j.e.u.CompoundVariable: Note: Function class names must contain the string: '.functions.'
2025-01-21 17:15:32,096 INFO o.a.j.e.u.CompoundVariable: Note: Function class names must not contain the string: '.gui.'
2025-01-21 17:15:32,120 INFO o.a.j.r.ClassFinder: Will scan jar /opt/homebrew/Cellar/jmeter/5.6.3/libexec/lib/ext/jmeter-plugins-manager-1.9.jar with filter ExtendsClassFilter [parents=[interface org.apache.jmeter.functions.Function], inner=false, contains=null, notContains=null]. Consider exposing JMeter plugins via META-INF/services, and add JMeter-Skip-Class-Scanning=true manifest attribute so JMeter can skip classfile scanning
2025-01-21 17:15:32,124 INFO o.a.j.g.u.JMeterMenuBar: setRunning(true, *local*)
2025-01-21 17:15:32,144 INFO o.a.j.e.StandardJMeterEngine: Starting ThreadGroup: 1 : Thread Group
2025-01-21 17:15:32,144 INFO o.a.j.e.StandardJMeterEngine: Starting 1 threads for group Thread Group.
2025-01-21 17:15:32,144 INFO o.a.j.e.StandardJMeterEngine: Thread will continue on error
2025-01-21 17:15:32,144 INFO o.a.j.t.ThreadGroup: Starting thread group... number=1 threads=1 ramp-up=1 delayedStart=false
2025-01-21 17:15:32,146 INFO o.a.j.t.ThreadGroup: Started thread group number 1
2025-01-21 17:15:32,146 INFO o.a.j.e.StandardJMeterEngine: All thread groups have been started
2025-01-21 17:15:32,146 INFO o.a.j.t.JMeterThread: Thread started: Thread Group 1-1
2025-01-21 17:15:32,149 INFO o.a.j.p.h.s.HTTPHCAbstractImpl: Local host = csyoons-MacBook-Pro.local
2025-01-21 17:15:32,152 INFO o.a.j.p.h.s.HTTPHC4Impl: HTTP request retry count = 0
2025-01-21 17:15:32,152 INFO o.a.j.s.SampleResult: Note: Sample TimeStamps are START times
2025-01-21 17:15:32,152 INFO o.a.j.s.SampleResult: sampleresult.default.encoding is set to UTF-8
2025-01-21 17:15:32,152 INFO o.a.j.s.SampleResult: sampleresult.useNanoTime=true
2025-01-21 17:15:32,152 INFO o.a.j.s.SampleResult: sampleresult.nanoThreadSleep=5000
2025-01-21 17:15:32,235 INFO o.a.j.t.JMeterThread: Thread is done: Thread Group 1-1
2025-01-21 17:15:32,235 INFO o.a.j.t.JMeterThread: Thread finished: Thread Group 1-1
2025-01-21 17:15:32,236 INFO o.a.j.e.StandardJMeterEngine: Notifying test listeners of end of test
2025-01-21 17:15:32,236 INFO o.a.j.g.u.JMeterMenuBar: setRunning(false, *local*)
2025-01-21 17:15:37,902 INFO o.a.j.e.StandardJMeterEngine: Running the test!
2025-01-21 17:15:37,903 INFO o.a.j.s.SampleEvent: List of sample_variables: []
2025-01-21 17:15:37,903 INFO o.a.j.g.u.JMeterMenuBar: setRunning(true, *local*)
2025-01-21 17:15:37,924 INFO o.a.j.e.StandardJMeterEngine: Starting ThreadGroup: 1 : Thread Group
2025-01-21 17:15:37,924 INFO o.a.j.e.StandardJMeterEngine: Starting 1 threads for group Thread Group.
2025-01-21 17:15:37,924 INFO o.a.j.e.StandardJMeterEngine: Thread will continue on error
2025-01-21 17:15:37,924 INFO o.a.j.t.ThreadGroup: Starting thread group... number=1 threads=1 ramp-up=1 delayedStart=false
2025-01-21 17:15:37,925 INFO o.a.j.t.ThreadGroup: Started thread group number 1
2025-01-21 17:15:37,925 INFO o.a.j.e.StandardJMeterEngine: All thread groups have been started
2025-01-21 17:15:37,925 INFO o.a.j.t.JMeterThread: Thread started: Thread Group 1-1
2025-01-21 17:15:37,971 INFO o.a.j.t.JMeterThread: Thread is done: Thread Group 1-1
2025-01-21 17:15:37,972 INFO o.a.j.t.JMeterThread: Thread finished: Thread Group 1-1
2025-01-21 17:15:37,972 INFO o.a.j.e.StandardJMeterEngine: Notifying test listeners of end of test
2025-01-21 17:15:37,972 INFO o.a.j.g.u.JMeterMenuBar: setRunning(false, *local*)
2025-01-21 17:16:16,763 INFO o.a.j.e.StandardJMeterEngine: Running the test!
2025-01-21 17:16:16,763 INFO o.a.j.s.SampleEvent: List of sample_variables: []
2025-01-21 17:16:16,764 INFO o.a.j.g.u.JMeterMenuBar: setRunning(true, *local*)
2025-01-21 17:16:16,791 INFO o.a.j.e.StandardJMeterEngine: Starting ThreadGroup: 1 : Thread Group
2025-01-21 17:16:16,791 INFO o.a.j.e.StandardJMeterEngine: Starting 1 threads for group Thread Group.
2025-01-21 17:16:16,791 INFO o.a.j.e.StandardJMeterEngine: Thread will continue on error
2025-01-21 17:16:16,791 INFO o.a.j.t.ThreadGroup: Starting thread group... number=1 threads=1 ramp-up=1 delayedStart=false
2025-01-21 17:16:16,791 INFO o.a.j.t.ThreadGroup: Started thread group number 1
2025-01-21 17:16:16,791 INFO o.a.j.e.StandardJMeterEngine: All thread groups have been started
2025-01-21 17:16:16,791 INFO o.a.j.t.JMeterThread: Thread started: Thread Group 1-1
2025-01-21 17:16:16,842 INFO o.a.j.t.JMeterThread: Thread is done: Thread Group 1-1
2025-01-21 17:16:16,843 INFO o.a.j.t.JMeterThread: Thread finished: Thread Group 1-1
2025-01-21 17:16:16,843 INFO o.a.j.e.StandardJMeterEngine: Notifying test listeners of end of test
2025-01-21 17:16:16,843 INFO o.a.j.g.u.JMeterMenuBar: setRunning(false, *local*)
2025-01-21 17:18:27,053 INFO o.a.j.e.StandardJMeterEngine: Running the test!
2025-01-21 17:18:27,054 INFO o.a.j.s.SampleEvent: List of sample_variables: []
2025-01-21 17:18:27,054 INFO o.a.j.g.u.JMeterMenuBar: setRunning(true, *local*)
2025-01-21 17:18:27,076 INFO o.a.j.e.StandardJMeterEngine: Starting ThreadGroup: 1 : Thread Group
2025-01-21 17:18:27,076 INFO o.a.j.e.StandardJMeterEngine: Starting 1 threads for group Thread Group.
2025-01-21 17:18:27,076 INFO o.a.j.e.StandardJMeterEngine: Thread will continue on error
2025-01-21 17:18:27,077 INFO o.a.j.t.ThreadGroup: Starting thread group... number=1 threads=1 ramp-up=1 delayedStart=false
2025-01-21 17:18:27,077 INFO o.a.j.t.ThreadGroup: Started thread group number 1
2025-01-21 17:18:27,077 INFO o.a.j.e.StandardJMeterEngine: All thread groups have been started
2025-01-21 17:18:27,077 INFO o.a.j.t.JMeterThread: Thread started: Thread Group 1-1
2025-01-21 17:18:27,119 INFO o.a.j.t.JMeterThread: Thread is done: Thread Group 1-1
2025-01-21 17:18:27,119 INFO o.a.j.t.JMeterThread: Thread finished: Thread Group 1-1
2025-01-21 17:18:27,119 INFO o.a.j.e.StandardJMeterEngine: Notifying test listeners of end of test
2025-01-21 17:18:27,120 INFO o.a.j.g.u.JMeterMenuBar: setRunning(false, *local*)
2025-01-21 17:19:39,463 INFO o.a.j.e.StandardJMeterEngine: Running the test!
2025-01-21 17:19:39,464 INFO o.a.j.s.SampleEvent: List of sample_variables: []
2025-01-21 17:19:39,464 INFO o.a.j.g.u.JMeterMenuBar: setRunning(true, *local*)
2025-01-21 17:19:39,486 INFO o.a.j.e.StandardJMeterEngine: Starting ThreadGroup: 1 : Thread Group
2025-01-21 17:19:39,487 INFO o.a.j.e.StandardJMeterEngine: Starting 1 threads for group Thread Group.
2025-01-21 17:19:39,487 INFO o.a.j.e.StandardJMeterEngine: Thread will continue on error
2025-01-21 17:19:39,487 INFO o.a.j.t.ThreadGroup: Starting thread group... number=1 threads=1 ramp-up=1 delayedStart=false
2025-01-21 17:19:39,487 INFO o.a.j.t.ThreadGroup: Started thread group number 1
2025-01-21 17:19:39,487 INFO o.a.j.e.StandardJMeterEngine: All thread groups have been started
2025-01-21 17:19:39,487 INFO o.a.j.t.JMeterThread: Thread started: Thread Group 1-1
2025-01-21 17:19:41,699 INFO o.a.j.t.JMeterThread: Thread is done: Thread Group 1-1
2025-01-21 17:19:41,699 INFO o.a.j.t.JMeterThread: Thread finished: Thread Group 1-1
2025-01-21 17:19:41,699 INFO o.a.j.e.StandardJMeterEngine: Notifying test listeners of end of test
2025-01-21 17:19:41,699 INFO o.a.j.g.u.JMeterMenuBar: setRunning(false, *local*)
2025-01-21 17:20:17,769 INFO o.a.j.r.ClassFinder: Will scan jar /opt/homebrew/Cellar/jmeter/5.6.3/libexec/lib/ext/jmeter-plugins-manager-1.9.jar with filter ExtendsClassFilter [parents=[interface org.apache.jmeter.visualizers.ResultRenderer], inner=false, contains=null, notContains=null]. Consider exposing JMeter plugins via META-INF/services, and add JMeter-Skip-Class-Scanning=true manifest attribute so JMeter can skip classfile scanning
2025-01-21 17:20:17,778 INFO o.a.j.r.ClassFinder: Will scan jar /opt/homebrew/Cellar/jmeter/5.6.3/libexec/lib/ext/jmeter-plugins-manager-1.9.jar with filter ExtendsClassFilter [parents=[interface org.apache.jmeter.visualizers.RequestView], inner=false, contains=null, notContains=null]. Consider exposing JMeter plugins via META-INF/services, and add JMeter-Skip-Class-Scanning=true manifest attribute so JMeter can skip classfile scanning
2025-01-21 17:20:20,272 INFO o.a.j.e.StandardJMeterEngine: Running the test!
2025-01-21 17:20:20,273 INFO o.a.j.s.SampleEvent: List of sample_variables: []
2025-01-21 17:20:20,274 INFO o.a.j.g.u.JMeterMenuBar: setRunning(true, *local*)
2025-01-21 17:20:20,297 INFO o.a.j.e.StandardJMeterEngine: Starting ThreadGroup: 1 : Thread Group
2025-01-21 17:20:20,297 INFO o.a.j.e.StandardJMeterEngine: Starting 1 threads for group Thread Group.
2025-01-21 17:20:20,297 INFO o.a.j.e.StandardJMeterEngine: Thread will continue on error
2025-01-21 17:20:20,297 INFO o.a.j.t.ThreadGroup: Starting thread group... number=1 threads=1 ramp-up=1 delayedStart=false
2025-01-21 17:20:20,297 INFO o.a.j.t.ThreadGroup: Started thread group number 1
2025-01-21 17:20:20,297 INFO o.a.j.e.StandardJMeterEngine: All thread groups have been started
2025-01-21 17:20:20,297 INFO o.a.j.t.JMeterThread: Thread started: Thread Group 1-1
2025-01-21 17:20:22,966 INFO o.a.j.t.JMeterThread: Thread is done: Thread Group 1-1
2025-01-21 17:20:22,966 INFO o.a.j.t.JMeterThread: Thread finished: Thread Group 1-1
2025-01-21 17:20:22,966 INFO o.a.j.e.StandardJMeterEngine: Notifying test listeners of end of test
2025-01-21 17:20:22,966 INFO o.a.j.g.u.JMeterMenuBar: setRunning(false, *local*)
2025-01-21 17:21:03,128 INFO o.a.j.e.StandardJMeterEngine: Running the test!
2025-01-21 17:21:03,128 INFO o.a.j.s.SampleEvent: List of sample_variables: []
2025-01-21 17:21:03,129 INFO o.a.j.g.u.JMeterMenuBar: setRunning(true, *local*)
2025-01-21 17:21:03,155 INFO o.a.j.e.StandardJMeterEngine: Starting ThreadGroup: 1 : Thread Group
2025-01-21 17:21:03,155 INFO o.a.j.e.StandardJMeterEngine: Starting 1 threads for group Thread Group.
2025-01-21 17:21:03,155 INFO o.a.j.e.StandardJMeterEngine: Thread will continue on error
2025-01-21 17:21:03,155 INFO o.a.j.t.ThreadGroup: Starting thread group... number=1 threads=1 ramp-up=1 delayedStart=false
2025-01-21 17:21:03,155 INFO o.a.j.t.ThreadGroup: Started thread group number 1
2025-01-21 17:21:03,155 INFO o.a.j.e.StandardJMeterEngine: All thread groups have been started
2025-01-21 17:21:03,155 INFO o.a.j.t.JMeterThread: Thread started: Thread Group 1-1
2025-01-21 17:21:05,109 INFO o.a.j.t.JMeterThread: Thread is done: Thread Group 1-1
2025-01-21 17:21:05,109 INFO o.a.j.t.JMeterThread: Thread finished: Thread Group 1-1
2025-01-21 17:21:05,110 INFO o.a.j.e.StandardJMeterEngine: Notifying test listeners of end of test
2025-01-21 17:21:05,110 INFO o.a.j.g.u.JMeterMenuBar: setRunning(false, *local*)
2025-01-21 17:21:54,992 INFO o.a.j.e.StandardJMeterEngine: Running the test!
2025-01-21 17:21:54,993 INFO o.a.j.s.SampleEvent: List of sample_variables: []
2025-01-21 17:21:54,994 INFO o.a.j.g.u.JMeterMenuBar: setRunning(true, *local*)
2025-01-21 17:21:55,017 INFO o.a.j.e.StandardJMeterEngine: Starting ThreadGroup: 1 : Thread Group
2025-01-21 17:21:55,018 INFO o.a.j.e.StandardJMeterEngine: Starting 1 threads for group Thread Group.
2025-01-21 17:21:55,018 INFO o.a.j.e.StandardJMeterEngine: Thread will continue on error
2025-01-21 17:21:55,018 INFO o.a.j.t.ThreadGroup: Starting thread group... number=1 threads=1 ramp-up=1 delayedStart=false
2025-01-21 17:21:55,018 INFO o.a.j.t.ThreadGroup: Started thread group number 1
2025-01-21 17:21:55,018 INFO o.a.j.e.StandardJMeterEngine: All thread groups have been started
2025-01-21 17:21:55,018 INFO o.a.j.t.JMeterThread: Thread started: Thread Group 1-1
2025-01-21 17:21:56,515 INFO o.a.j.t.JMeterThread: Thread is done: Thread Group 1-1
2025-01-21 17:21:56,515 INFO o.a.j.t.JMeterThread: Thread finished: Thread Group 1-1
2025-01-21 17:21:56,516 INFO o.a.j.e.StandardJMeterEngine: Notifying test listeners of end of test
2025-01-21 17:21:56,516 INFO o.a.j.g.u.JMeterMenuBar: setRunning(false, *local*)
2025-01-21 17:22:24,892 INFO o.a.j.e.StandardJMeterEngine: Running the test!
2025-01-21 17:22:24,892 INFO o.a.j.s.SampleEvent: List of sample_variables: []
2025-01-21 17:22:24,892 INFO o.a.j.g.u.JMeterMenuBar: setRunning(true, *local*)
2025-01-21 17:22:24,915 INFO o.a.j.e.StandardJMeterEngine: Starting ThreadGroup: 1 : Thread Group
2025-01-21 17:22:24,915 INFO o.a.j.e.StandardJMeterEngine: Starting 1 threads for group Thread Group.
2025-01-21 17:22:24,915 INFO o.a.j.e.StandardJMeterEngine: Thread will continue on error
2025-01-21 17:22:24,915 INFO o.a.j.t.ThreadGroup: Starting thread group... number=1 threads=1 ramp-up=1 delayedStart=false
2025-01-21 17:22:24,916 INFO o.a.j.t.ThreadGroup: Started thread group number 1
2025-01-21 17:22:24,916 INFO o.a.j.e.StandardJMeterEngine: All thread groups have been started
2025-01-21 17:22:24,916 INFO o.a.j.t.JMeterThread: Thread started: Thread Group 1-1
2025-01-21 17:22:24,950 INFO o.a.j.t.JMeterThread: Thread is done: Thread Group 1-1
2025-01-21 17:22:24,951 INFO o.a.j.t.JMeterThread: Thread finished: Thread Group 1-1
2025-01-21 17:22:24,951 INFO o.a.j.e.StandardJMeterEngine: Notifying test listeners of end of test
2025-01-21 17:22:24,951 INFO o.a.j.g.u.JMeterMenuBar: setRunning(false, *local*)
2025-01-21 17:23:09,084 INFO o.a.j.e.StandardJMeterEngine: Running the test!
2025-01-21 17:23:09,086 INFO o.a.j.s.SampleEvent: List of sample_variables: []
2025-01-21 17:23:09,086 INFO o.a.j.g.u.JMeterMenuBar: setRunning(true, *local*)
2025-01-21 17:23:09,113 INFO o.a.j.e.StandardJMeterEngine: Starting ThreadGroup: 1 : Thread Group
2025-01-21 17:23:09,113 INFO o.a.j.e.StandardJMeterEngine: Starting 1 threads for group Thread Group.
2025-01-21 17:23:09,113 INFO o.a.j.e.StandardJMeterEngine: Thread will continue on error
2025-01-21 17:23:09,113 INFO o.a.j.t.ThreadGroup: Starting thread group... number=1 threads=1 ramp-up=1 delayedStart=false
2025-01-21 17:23:09,113 INFO o.a.j.t.ThreadGroup: Started thread group number 1
2025-01-21 17:23:09,113 INFO o.a.j.e.StandardJMeterEngine: All thread groups have been started
2025-01-21 17:23:09,113 INFO o.a.j.t.JMeterThread: Thread started: Thread Group 1-1
2025-01-21 17:23:10,559 INFO o.a.j.t.JMeterThread: Thread is done: Thread Group 1-1
2025-01-21 17:23:10,559 INFO o.a.j.t.JMeterThread: Thread finished: Thread Group 1-1
2025-01-21 17:23:10,559 INFO o.a.j.e.StandardJMeterEngine: Notifying test listeners of end of test
2025-01-21 17:23:10,559 INFO o.a.j.g.u.JMeterMenuBar: setRunning(false, *local*)
2025-01-21 17:24:18,404 INFO o.a.j.e.StandardJMeterEngine: Running the test!
2025-01-21 17:24:18,404 INFO o.a.j.s.SampleEvent: List of sample_variables: []
2025-01-21 17:24:18,405 INFO o.a.j.g.u.JMeterMenuBar: setRunning(true, *local*)
2025-01-21 17:24:18,436 INFO o.a.j.e.StandardJMeterEngine: Starting ThreadGroup: 1 : Thread Group
2025-01-21 17:24:18,436 INFO o.a.j.e.StandardJMeterEngine: Starting 1 threads for group Thread Group.
2025-01-21 17:24:18,436 INFO o.a.j.e.StandardJMeterEngine: Thread will continue on error
2025-01-21 17:24:18,436 INFO o.a.j.t.ThreadGroup: Starting thread group... number=1 threads=1 ramp-up=1 delayedStart=false
2025-01-21 17:24:18,436 INFO o.a.j.t.ThreadGroup: Started thread group number 1
2025-01-21 17:24:18,436 INFO o.a.j.e.StandardJMeterEngine: All thread groups have been started
2025-01-21 17:24:18,436 INFO o.a.j.t.JMeterThread: Thread started: Thread Group 1-1
2025-01-21 17:24:20,521 INFO o.a.j.t.JMeterThread: Thread is done: Thread Group 1-1
2025-01-21 17:24:20,521 INFO o.a.j.t.JMeterThread: Thread finished: Thread Group 1-1
2025-01-21 17:24:20,522 INFO o.a.j.e.StandardJMeterEngine: Notifying test listeners of end of test
2025-01-21 17:24:20,522 INFO o.a.j.g.u.JMeterMenuBar: setRunning(false, *local*)
2025-01-21 17:24:39,555 INFO o.a.j.e.StandardJMeterEngine: Running the test!
2025-01-21 17:24:39,556 INFO o.a.j.s.SampleEvent: List of sample_variables: []
2025-01-21 17:24:39,556 INFO o.a.j.g.u.JMeterMenuBar: setRunning(true, *local*)
2025-01-21 17:24:39,584 INFO o.a.j.e.StandardJMeterEngine: Starting ThreadGroup: 1 : Thread Group
2025-01-21 17:24:39,584 INFO o.a.j.e.StandardJMeterEngine: Starting 1 threads for group Thread Group.
2025-01-21 17:24:39,584 INFO o.a.j.e.StandardJMeterEngine: Thread will continue on error
2025-01-21 17:24:39,584 INFO o.a.j.t.ThreadGroup: Starting thread group... number=1 threads=1 ramp-up=1 delayedStart=false
2025-01-21 17:24:39,584 INFO o.a.j.t.ThreadGroup: Started thread group number 1
2025-01-21 17:24:39,584 INFO o.a.j.e.StandardJMeterEngine: All thread groups have been started
2025-01-21 17:24:39,585 INFO o.a.j.t.JMeterThread: Thread started: Thread Group 1-1
2025-01-21 17:24:40,860 INFO o.a.j.t.JMeterThread: Thread is done: Thread Group 1-1
2025-01-21 17:24:40,860 INFO o.a.j.t.JMeterThread: Thread finished: Thread Group 1-1
2025-01-21 17:24:40,860 INFO o.a.j.e.StandardJMeterEngine: Notifying test listeners of end of test
2025-01-21 17:24:40,860 INFO o.a.j.g.u.JMeterMenuBar: setRunning(false, *local*)
2025-01-21 17:25:50,002 INFO o.a.j.e.StandardJMeterEngine: Running the test!
2025-01-21 17:25:50,003 INFO o.a.j.s.SampleEvent: List of sample_variables: []
2025-01-21 17:25:50,004 INFO o.a.j.g.u.JMeterMenuBar: setRunning(true, *local*)
2025-01-21 17:25:50,029 INFO o.a.j.e.StandardJMeterEngine: Starting ThreadGroup: 1 : Thread Group
2025-01-21 17:25:50,029 INFO o.a.j.e.StandardJMeterEngine: Starting 1 threads for group Thread Group.
2025-01-21 17:25:50,029 INFO o.a.j.e.StandardJMeterEngine: Thread will continue on error
2025-01-21 17:25:50,029 INFO o.a.j.t.ThreadGroup: Starting thread group... number=1 threads=1 ramp-up=1 delayedStart=false
2025-01-21 17:25:50,029 INFO o.a.j.t.ThreadGroup: Started thread group number 1
2025-01-21 17:25:50,029 INFO o.a.j.e.StandardJMeterEngine: All thread groups have been started
2025-01-21 17:25:50,029 INFO o.a.j.t.JMeterThread: Thread started: Thread Group 1-1
2025-01-21 17:25:52,065 INFO o.a.j.t.JMeterThread: Thread is done: Thread Group 1-1
2025-01-21 17:25:52,065 INFO o.a.j.t.JMeterThread: Thread finished: Thread Group 1-1
2025-01-21 17:25:52,066 INFO o.a.j.e.StandardJMeterEngine: Notifying test listeners of end of test
2025-01-21 17:25:52,066 INFO o.a.j.g.u.JMeterMenuBar: setRunning(false, *local*)
2025-01-21 17:31:02,389 INFO o.a.j.e.StandardJMeterEngine: Running the test!
2025-01-21 17:31:02,389 INFO o.a.j.s.SampleEvent: List of sample_variables: []
2025-01-21 17:31:02,390 INFO o.a.j.g.u.JMeterMenuBar: setRunning(true, *local*)
2025-01-21 17:31:02,415 INFO o.a.j.e.StandardJMeterEngine: Starting ThreadGroup: 1 : Thread Group
2025-01-21 17:31:02,415 INFO o.a.j.e.StandardJMeterEngine: Starting 1 threads for group Thread Group.
2025-01-21 17:31:02,415 INFO o.a.j.e.StandardJMeterEngine: Thread will continue on error
2025-01-21 17:31:02,415 INFO o.a.j.t.ThreadGroup: Starting thread group... number=1 threads=1 ramp-up=1 delayedStart=false
2025-01-21 17:31:02,415 INFO o.a.j.t.ThreadGroup: Started thread group number 1
2025-01-21 17:31:02,415 INFO o.a.j.e.StandardJMeterEngine: All thread groups have been started
2025-01-21 17:31:02,415 INFO o.a.j.t.JMeterThread: Thread started: Thread Group 1-1
2025-01-21 17:31:04,927 INFO o.a.j.t.JMeterThread: Thread is done: Thread Group 1-1
2025-01-21 17:31:04,928 INFO o.a.j.t.JMeterThread: Thread finished: Thread Group 1-1
2025-01-21 17:31:04,928 INFO o.a.j.e.StandardJMeterEngine: Notifying test listeners of end of test
2025-01-21 17:31:04,928 INFO o.a.j.g.u.JMeterMenuBar: setRunning(false, *local*)
2025-01-21 17:32:37,359 INFO o.a.j.e.StandardJMeterEngine: Running the test!
2025-01-21 17:32:37,359 INFO o.a.j.s.SampleEvent: List of sample_variables: []
2025-01-21 17:32:37,360 INFO o.a.j.g.u.JMeterMenuBar: setRunning(true, *local*)
2025-01-21 17:32:37,386 INFO o.a.j.e.StandardJMeterEngine: Starting ThreadGroup: 1 : Thread Group
2025-01-21 17:32:37,386 INFO o.a.j.e.StandardJMeterEngine: Starting 1 threads for group Thread Group.
2025-01-21 17:32:37,386 INFO o.a.j.e.StandardJMeterEngine: Thread will continue on error
2025-01-21 17:32:37,386 INFO o.a.j.t.ThreadGroup: Starting thread group... number=1 threads=1 ramp-up=1 delayedStart=false
2025-01-21 17:32:37,387 INFO o.a.j.t.ThreadGroup: Started thread group number 1
2025-01-21 17:32:37,387 INFO o.a.j.e.StandardJMeterEngine: All thread groups have been started
2025-01-21 17:32:37,387 INFO o.a.j.t.JMeterThread: Thread started: Thread Group 1-1
2025-01-21 17:32:39,986 INFO o.a.j.t.JMeterThread: Thread is done: Thread Group 1-1
2025-01-21 17:32:39,987 INFO o.a.j.t.JMeterThread: Thread finished: Thread Group 1-1
2025-01-21 17:32:39,987 INFO o.a.j.e.StandardJMeterEngine: Notifying test listeners of end of test
2025-01-21 17:32:39,987 INFO o.a.j.g.u.JMeterMenuBar: setRunning(false, *local*)
2025-01-21 17:34:35,013 INFO o.a.j.e.StandardJMeterEngine: Running the test!
2025-01-21 17:34:35,014 INFO o.a.j.s.SampleEvent: List of sample_variables: []
2025-01-21 17:34:35,015 INFO o.a.j.g.u.JMeterMenuBar: setRunning(true, *local*)
2025-01-21 17:34:35,047 INFO o.a.j.e.StandardJMeterEngine: Starting ThreadGroup: 1 : Thread Group
2025-01-21 17:34:35,047 INFO o.a.j.e.StandardJMeterEngine: Starting 1 threads for group Thread Group.
2025-01-21 17:34:35,047 INFO o.a.j.e.StandardJMeterEngine: Thread will continue on error
2025-01-21 17:34:35,047 INFO o.a.j.t.ThreadGroup: Starting thread group... number=1 threads=1 ramp-up=1 delayedStart=false
2025-01-21 17:34:35,048 INFO o.a.j.t.ThreadGroup: Started thread group number 1
2025-01-21 17:34:35,048 INFO o.a.j.e.StandardJMeterEngine: All thread groups have been started
2025-01-21 17:34:35,048 INFO o.a.j.t.JMeterThread: Thread started: Thread Group 1-1
2025-01-21 17:34:35,093 INFO o.a.j.t.JMeterThread: Thread is done: Thread Group 1-1
2025-01-21 17:34:35,093 INFO o.a.j.t.JMeterThread: Thread finished: Thread Group 1-1
2025-01-21 17:34:35,093 INFO o.a.j.e.StandardJMeterEngine: Notifying test listeners of end of test
2025-01-21 17:34:35,093 INFO o.a.j.g.u.JMeterMenuBar: setRunning(false, *local*)
2025-01-21 17:35:00,591 INFO o.a.j.e.StandardJMeterEngine: Running the test!
2025-01-21 17:35:00,592 INFO o.a.j.s.SampleEvent: List of sample_variables: []
2025-01-21 17:35:00,592 INFO o.a.j.g.u.JMeterMenuBar: setRunning(true, *local*)
2025-01-21 17:35:00,613 INFO o.a.j.e.StandardJMeterEngine: Starting ThreadGroup: 1 : Thread Group
2025-01-21 17:35:00,614 INFO o.a.j.e.StandardJMeterEngine: Starting 1 threads for group Thread Group.
2025-01-21 17:35:00,614 INFO o.a.j.e.StandardJMeterEngine: Thread will continue on error
2025-01-21 17:35:00,614 INFO o.a.j.t.ThreadGroup: Starting thread group... number=1 threads=1 ramp-up=1 delayedStart=false
2025-01-21 17:35:00,614 INFO o.a.j.t.ThreadGroup: Started thread group number 1
2025-01-21 17:35:00,614 INFO o.a.j.e.StandardJMeterEngine: All thread groups have been started
2025-01-21 17:35:00,614 INFO o.a.j.t.JMeterThread: Thread started: Thread Group 1-1
2025-01-21 17:35:00,652 INFO o.a.j.t.JMeterThread: Thread is done: Thread Group 1-1
2025-01-21 17:35:00,652 INFO o.a.j.t.JMeterThread: Thread finished: Thread Group 1-1
2025-01-21 17:35:00,652 INFO o.a.j.e.StandardJMeterEngine: Notifying test listeners of end of test
2025-01-21 17:35:00,652 INFO o.a.j.g.u.JMeterMenuBar: setRunning(false, *local*)
2025-01-21 17:37:23,635 INFO o.a.j.e.StandardJMeterEngine: Running the test!
2025-01-21 17:37:23,635 INFO o.a.j.s.SampleEvent: List of sample_variables: []
2025-01-21 17:37:23,635 INFO o.a.j.g.u.JMeterMenuBar: setRunning(true, *local*)
2025-01-21 17:37:23,659 INFO o.a.j.e.StandardJMeterEngine: Starting ThreadGroup: 1 : Thread Group
2025-01-21 17:37:23,659 INFO o.a.j.e.StandardJMeterEngine: Starting 1 threads for group Thread Group.
2025-01-21 17:37:23,659 INFO o.a.j.e.StandardJMeterEngine: Thread will continue on error
2025-01-21 17:37:23,659 INFO o.a.j.t.ThreadGroup: Starting thread group... number=1 threads=1 ramp-up=1 delayedStart=false
2025-01-21 17:37:23,659 INFO o.a.j.t.ThreadGroup: Started thread group number 1
2025-01-21 17:37:23,659 INFO o.a.j.e.StandardJMeterEngine: All thread groups have been started
2025-01-21 17:37:23,659 INFO o.a.j.t.JMeterThread: Thread started: Thread Group 1-1
2025-01-21 17:37:23,700 INFO o.a.j.t.JMeterThread: Thread is done: Thread Group 1-1
2025-01-21 17:37:23,700 INFO o.a.j.t.JMeterThread: Thread finished: Thread Group 1-1
2025-01-21 17:37:23,700 INFO o.a.j.e.StandardJMeterEngine: Notifying test listeners of end of test
2025-01-21 17:37:23,701 INFO o.a.j.g.u.JMeterMenuBar: setRunning(false, *local*)
2025-01-21 17:37:43,057 INFO o.a.j.e.StandardJMeterEngine: Running the test!
2025-01-21 17:37:43,058 INFO o.a.j.s.SampleEvent: List of sample_variables: []
2025-01-21 17:37:43,058 INFO o.a.j.g.u.JMeterMenuBar: setRunning(true, *local*)
2025-01-21 17:37:43,083 INFO o.a.j.e.StandardJMeterEngine: Starting ThreadGroup: 1 : Thread Group
2025-01-21 17:37:43,083 INFO o.a.j.e.StandardJMeterEngine: Starting 1 threads for group Thread Group.
2025-01-21 17:37:43,083 INFO o.a.j.e.StandardJMeterEngine: Thread will continue on error
2025-01-21 17:37:43,083 INFO o.a.j.t.ThreadGroup: Starting thread group... number=1 threads=1 ramp-up=1 delayedStart=false
2025-01-21 17:37:43,083 INFO o.a.j.t.ThreadGroup: Started thread group number 1
2025-01-21 17:37:43,083 INFO o.a.j.e.StandardJMeterEngine: All thread groups have been started
2025-01-21 17:37:43,083 INFO o.a.j.t.JMeterThread: Thread started: Thread Group 1-1
2025-01-21 17:37:43,129 INFO o.a.j.t.JMeterThread: Thread is done: Thread Group 1-1
2025-01-21 17:37:43,129 INFO o.a.j.t.JMeterThread: Thread finished: Thread Group 1-1
2025-01-21 17:37:43,129 INFO o.a.j.e.StandardJMeterEngine: Notifying test listeners of end of test
2025-01-21 17:37:43,129 INFO o.a.j.g.u.JMeterMenuBar: setRunning(false, *local*)
2025-01-21 17:38:46,276 INFO o.a.j.e.StandardJMeterEngine: Running the test!
2025-01-21 17:38:46,276 INFO o.a.j.s.SampleEvent: List of sample_variables: []
2025-01-21 17:38:46,277 INFO o.a.j.g.u.JMeterMenuBar: setRunning(true, *local*)
2025-01-21 17:38:46,314 INFO o.a.j.e.StandardJMeterEngine: Starting ThreadGroup: 1 : Thread Group
2025-01-21 17:38:46,314 INFO o.a.j.e.StandardJMeterEngine: Starting 1 threads for group Thread Group.
2025-01-21 17:38:46,314 INFO o.a.j.e.StandardJMeterEngine: Thread will continue on error
2025-01-21 17:38:46,314 INFO o.a.j.t.ThreadGroup: Starting thread group... number=1 threads=1 ramp-up=1 delayedStart=false
2025-01-21 17:38:46,315 INFO o.a.j.t.ThreadGroup: Started thread group number 1
2025-01-21 17:38:46,315 INFO o.a.j.e.StandardJMeterEngine: All thread groups have been started
2025-01-21 17:38:46,315 INFO o.a.j.t.JMeterThread: Thread started: Thread Group 1-1
2025-01-21 17:38:46,357 INFO o.a.j.t.JMeterThread: Thread is done: Thread Group 1-1
2025-01-21 17:38:46,358 INFO o.a.j.t.JMeterThread: Thread finished: Thread Group 1-1
2025-01-21 17:38:46,358 INFO o.a.j.e.StandardJMeterEngine: Notifying test listeners of end of test
2025-01-21 17:38:46,358 INFO o.a.j.g.u.JMeterMenuBar: setRunning(false, *local*)
2025-01-21 17:39:38,654 INFO o.a.j.e.StandardJMeterEngine: Running the test!
2025-01-21 17:39:38,654 INFO o.a.j.s.SampleEvent: List of sample_variables: []
2025-01-21 17:39:38,655 INFO o.a.j.g.u.JMeterMenuBar: setRunning(true, *local*)
2025-01-21 17:39:38,677 INFO o.a.j.e.StandardJMeterEngine: Starting ThreadGroup: 1 : Thread Group
2025-01-21 17:39:38,677 INFO o.a.j.e.StandardJMeterEngine: Starting 1 threads for group Thread Group.
2025-01-21 17:39:38,677 INFO o.a.j.e.StandardJMeterEngine: Thread will continue on error
2025-01-21 17:39:38,677 INFO o.a.j.t.ThreadGroup: Starting thread group... number=1 threads=1 ramp-up=1 delayedStart=false
2025-01-21 17:39:38,677 INFO o.a.j.t.ThreadGroup: Started thread group number 1
2025-01-21 17:39:38,677 INFO o.a.j.e.StandardJMeterEngine: All thread groups have been started
2025-01-21 17:39:38,677 INFO o.a.j.t.JMeterThread: Thread started: Thread Group 1-1
2025-01-21 17:39:38,757 INFO o.a.j.t.JMeterThread: Thread is done: Thread Group 1-1
2025-01-21 17:39:38,758 INFO o.a.j.t.JMeterThread: Thread finished: Thread Group 1-1
2025-01-21 17:39:38,758 INFO o.a.j.e.StandardJMeterEngine: Notifying test listeners of end of test
2025-01-21 17:39:38,758 INFO o.a.j.g.u.JMeterMenuBar: setRunning(false, *local*)
2025-01-21 17:39:42,624 INFO o.a.j.e.StandardJMeterEngine: Running the test!
2025-01-21 17:39:42,624 INFO o.a.j.s.SampleEvent: List of sample_variables: []
2025-01-21 17:39:42,624 INFO o.a.j.g.u.JMeterMenuBar: setRunning(true, *local*)
2025-01-21 17:39:42,650 INFO o.a.j.e.StandardJMeterEngine: Starting ThreadGroup: 1 : Thread Group
2025-01-21 17:39:42,650 INFO o.a.j.e.StandardJMeterEngine: Starting 1 threads for group Thread Group.
2025-01-21 17:39:42,650 INFO o.a.j.e.StandardJMeterEngine: Thread will continue on error
2025-01-21 17:39:42,650 INFO o.a.j.t.ThreadGroup: Starting thread group... number=1 threads=1 ramp-up=1 delayedStart=false
2025-01-21 17:39:42,650 INFO o.a.j.t.ThreadGroup: Started thread group number 1
2025-01-21 17:39:42,650 INFO o.a.j.e.StandardJMeterEngine: All thread groups have been started
2025-01-21 17:39:42,650 INFO o.a.j.t.JMeterThread: Thread started: Thread Group 1-1
2025-01-21 17:39:42,691 INFO o.a.j.t.JMeterThread: Thread is done: Thread Group 1-1
2025-01-21 17:39:42,691 INFO o.a.j.t.JMeterThread: Thread finished: Thread Group 1-1
2025-01-21 17:39:42,691 INFO o.a.j.e.StandardJMeterEngine: Notifying test listeners of end of test
2025-01-21 17:39:42,691 INFO o.a.j.g.u.JMeterMenuBar: setRunning(false, *local*)
2025-01-21 17:41:44,338 INFO o.a.j.e.StandardJMeterEngine: Running the test!
2025-01-21 17:41:44,339 INFO o.a.j.s.SampleEvent: List of sample_variables: []
2025-01-21 17:41:44,339 INFO o.a.j.g.u.JMeterMenuBar: setRunning(true, *local*)
2025-01-21 17:41:44,373 INFO o.a.j.e.StandardJMeterEngine: Starting ThreadGroup: 1 : Thread Group
2025-01-21 17:41:44,373 INFO o.a.j.e.StandardJMeterEngine: Starting 1 threads for group Thread Group.
2025-01-21 17:41:44,373 INFO o.a.j.e.StandardJMeterEngine: Thread will continue on error
2025-01-21 17:41:44,373 INFO o.a.j.t.ThreadGroup: Starting thread group... number=1 threads=1 ramp-up=1 delayedStart=false
2025-01-21 17:41:44,374 INFO o.a.j.t.ThreadGroup: Started thread group number 1
2025-01-21 17:41:44,374 INFO o.a.j.e.StandardJMeterEngine: All thread groups have been started
2025-01-21 17:41:44,374 INFO o.a.j.t.JMeterThread: Thread started: Thread Group 1-1
2025-01-21 17:41:44,439 INFO o.a.j.t.JMeterThread: Thread is done: Thread Group 1-1
2025-01-21 17:41:44,439 INFO o.a.j.t.JMeterThread: Thread finished: Thread Group 1-1
2025-01-21 17:41:44,439 INFO o.a.j.e.StandardJMeterEngine: Notifying test listeners of end of test
2025-01-21 17:41:44,439 INFO o.a.j.g.u.JMeterMenuBar: setRunning(false, *local*)
2025-01-21 17:43:18,755 INFO o.a.j.e.StandardJMeterEngine: Running the test!
2025-01-21 17:43:18,756 INFO o.a.j.s.SampleEvent: List of sample_variables: []
2025-01-21 17:43:18,756 INFO o.a.j.g.u.JMeterMenuBar: setRunning(true, *local*)
2025-01-21 17:43:18,788 INFO o.a.j.e.StandardJMeterEngine: Starting ThreadGroup: 1 : Thread Group
2025-01-21 17:43:18,788 INFO o.a.j.e.StandardJMeterEngine: Starting 1 threads for group Thread Group.
2025-01-21 17:43:18,788 INFO o.a.j.e.StandardJMeterEngine: Thread will continue on error
2025-01-21 17:43:18,788 INFO o.a.j.t.ThreadGroup: Starting thread group... number=1 threads=1 ramp-up=1 delayedStart=false
2025-01-21 17:43:18,789 INFO o.a.j.t.ThreadGroup: Started thread group number 1
2025-01-21 17:43:18,789 INFO o.a.j.e.StandardJMeterEngine: All thread groups have been started
2025-01-21 17:43:18,789 INFO o.a.j.t.JMeterThread: Thread started: Thread Group 1-1
2025-01-21 17:43:18,855 INFO o.a.j.t.JMeterThread: Thread is done: Thread Group 1-1
2025-01-21 17:43:18,855 INFO o.a.j.t.JMeterThread: Thread finished: Thread Group 1-1
2025-01-21 17:43:18,855 INFO o.a.j.e.StandardJMeterEngine: Notifying test listeners of end of test
2025-01-21 17:43:18,855 INFO o.a.j.g.u.JMeterMenuBar: setRunning(false, *local*)
2025-01-21 17:43:46,304 INFO o.a.j.e.StandardJMeterEngine: Running the test!
2025-01-21 17:43:46,305 INFO o.a.j.s.SampleEvent: List of sample_variables: []
2025-01-21 17:43:46,305 INFO o.a.j.g.u.JMeterMenuBar: setRunning(true, *local*)
2025-01-21 17:43:46,332 INFO o.a.j.e.StandardJMeterEngine: Starting ThreadGroup: 1 : Thread Group
2025-01-21 17:43:46,332 INFO o.a.j.e.StandardJMeterEngine: Starting 1 threads for group Thread Group.
2025-01-21 17:43:46,332 INFO o.a.j.e.StandardJMeterEngine: Thread will continue on error
2025-01-21 17:43:46,332 INFO o.a.j.t.ThreadGroup: Starting thread group... number=1 threads=1 ramp-up=1 delayedStart=false
2025-01-21 17:43:46,332 INFO o.a.j.t.ThreadGroup: Started thread group number 1
2025-01-21 17:43:46,332 INFO o.a.j.e.StandardJMeterEngine: All thread groups have been started
2025-01-21 17:43:46,332 INFO o.a.j.t.JMeterThread: Thread started: Thread Group 1-1
2025-01-21 17:43:46,408 INFO o.a.j.t.JMeterThread: Thread is done: Thread Group 1-1
2025-01-21 17:43:46,409 INFO o.a.j.t.JMeterThread: Thread finished: Thread Group 1-1
2025-01-21 17:43:46,409 INFO o.a.j.e.StandardJMeterEngine: Notifying test listeners of end of test
2025-01-21 17:43:46,409 INFO o.a.j.g.u.JMeterMenuBar: setRunning(false, *local*)
2025-01-21 17:45:17,806 INFO o.a.j.e.StandardJMeterEngine: Running the test!
2025-01-21 17:45:17,807 INFO o.a.j.s.SampleEvent: List of sample_variables: []
2025-01-21 17:45:17,808 INFO o.a.j.g.u.JMeterMenuBar: setRunning(true, *local*)
2025-01-21 17:45:17,839 INFO o.a.j.e.StandardJMeterEngine: Starting ThreadGroup: 1 : Thread Group
2025-01-21 17:45:17,839 INFO o.a.j.e.StandardJMeterEngine: Starting 1 threads for group Thread Group.
2025-01-21 17:45:17,839 INFO o.a.j.e.StandardJMeterEngine: Thread will continue on error
2025-01-21 17:45:17,840 INFO o.a.j.t.ThreadGroup: Starting thread group... number=1 threads=1 ramp-up=1 delayedStart=false
2025-01-21 17:45:17,840 INFO o.a.j.t.ThreadGroup: Started thread group number 1
2025-01-21 17:45:17,840 INFO o.a.j.e.StandardJMeterEngine: All thread groups have been started
2025-01-21 17:45:17,840 INFO o.a.j.t.JMeterThread: Thread started: Thread Group 1-1
2025-01-21 17:45:17,906 INFO o.a.j.t.JMeterThread: Thread is done: Thread Group 1-1
2025-01-21 17:45:17,906 INFO o.a.j.t.JMeterThread: Thread finished: Thread Group 1-1
2025-01-21 17:45:17,906 INFO o.a.j.e.StandardJMeterEngine: Notifying test listeners of end of test
2025-01-21 17:45:17,906 INFO o.a.j.g.u.JMeterMenuBar: setRunning(false, *local*)
2025-01-21 17:46:21,676 INFO o.a.j.e.StandardJMeterEngine: Running the test!
2025-01-21 17:46:21,677 INFO o.a.j.s.SampleEvent: List of sample_variables: []
2025-01-21 17:46:21,677 INFO o.a.j.g.u.JMeterMenuBar: setRunning(true, *local*)
2025-01-21 17:46:21,705 INFO o.a.j.e.StandardJMeterEngine: Starting ThreadGroup: 1 : Thread Group
2025-01-21 17:46:21,705 INFO o.a.j.e.StandardJMeterEngine: Starting 1 threads for group Thread Group.
2025-01-21 17:46:21,705 INFO o.a.j.e.StandardJMeterEngine: Thread will continue on error
2025-01-21 17:46:21,705 INFO o.a.j.t.ThreadGroup: Starting thread group... number=1 threads=1 ramp-up=1 delayedStart=false
2025-01-21 17:46:21,705 INFO o.a.j.t.ThreadGroup: Started thread group number 1
2025-01-21 17:46:21,705 INFO o.a.j.e.StandardJMeterEngine: All thread groups have been started
2025-01-21 17:46:21,705 INFO o.a.j.t.JMeterThread: Thread started: Thread Group 1-1
2025-01-21 17:46:21,785 INFO o.a.j.t.JMeterThread: Thread is done: Thread Group 1-1
2025-01-21 17:46:21,785 INFO o.a.j.t.JMeterThread: Thread finished: Thread Group 1-1
2025-01-21 17:46:21,785 INFO o.a.j.e.StandardJMeterEngine: Notifying test listeners of end of test
2025-01-21 17:46:21,785 INFO o.a.j.g.u.JMeterMenuBar: setRunning(false, *local*)
2025-01-21 17:46:48,348 INFO o.a.j.e.StandardJMeterEngine: Running the test!
2025-01-21 17:46:48,349 INFO o.a.j.s.SampleEvent: List of sample_variables: []
2025-01-21 17:46:48,349 INFO o.a.j.g.u.JMeterMenuBar: setRunning(true, *local*)
2025-01-21 17:46:48,379 INFO o.a.j.e.StandardJMeterEngine: Starting ThreadGroup: 1 : Thread Group
2025-01-21 17:46:48,379 INFO o.a.j.e.StandardJMeterEngine: Starting 1 threads for group Thread Group.
2025-01-21 17:46:48,379 INFO o.a.j.e.StandardJMeterEngine: Thread will continue on error
2025-01-21 17:46:48,379 INFO o.a.j.t.ThreadGroup: Starting thread group... number=1 threads=1 ramp-up=1 delayedStart=false
2025-01-21 17:46:48,380 INFO o.a.j.t.ThreadGroup: Started thread group number 1
2025-01-21 17:46:48,380 INFO o.a.j.e.StandardJMeterEngine: All thread groups have been started
2025-01-21 17:46:48,380 INFO o.a.j.t.JMeterThread: Thread started: Thread Group 1-1
2025-01-21 17:46:48,447 INFO o.a.j.t.JMeterThread: Thread is done: Thread Group 1-1
2025-01-21 17:46:48,447 INFO o.a.j.t.JMeterThread: Thread finished: Thread Group 1-1
2025-01-21 17:46:48,447 INFO o.a.j.e.StandardJMeterEngine: Notifying test listeners of end of test
2025-01-21 17:46:48,447 INFO o.a.j.g.u.JMeterMenuBar: setRunning(false, *local*)
2025-01-21 17:50:36,985 INFO o.a.j.e.StandardJMeterEngine: Running the test!
2025-01-21 17:50:36,986 INFO o.a.j.s.SampleEvent: List of sample_variables: []
2025-01-21 17:50:36,987 INFO o.a.j.g.u.JMeterMenuBar: setRunning(true, *local*)
2025-01-21 17:50:37,022 INFO o.a.j.e.StandardJMeterEngine: Starting ThreadGroup: 1 : Thread Group
2025-01-21 17:50:37,022 INFO o.a.j.e.StandardJMeterEngine: Starting 1 threads for group Thread Group.
2025-01-21 17:50:37,022 INFO o.a.j.e.StandardJMeterEngine: Thread will continue on error
2025-01-21 17:50:37,022 INFO o.a.j.t.ThreadGroup: Starting thread group... number=1 threads=1 ramp-up=1 delayedStart=false
2025-01-21 17:50:37,022 INFO o.a.j.t.ThreadGroup: Started thread group number 1
2025-01-21 17:50:37,022 INFO o.a.j.e.StandardJMeterEngine: All thread groups have been started
2025-01-21 17:50:37,022 INFO o.a.j.t.JMeterThread: Thread started: Thread Group 1-1
2025-01-21 17:50:37,107 INFO o.a.j.t.JMeterThread: Thread is done: Thread Group 1-1
2025-01-21 17:50:37,107 INFO o.a.j.t.JMeterThread: Thread finished: Thread Group 1-1
2025-01-21 17:50:37,108 INFO o.a.j.e.StandardJMeterEngine: Notifying test listeners of end of test
2025-01-21 17:50:37,108 INFO o.a.j.g.u.JMeterMenuBar: setRunning(false, *local*)
2025-01-21 17:53:01,331 INFO o.a.j.e.StandardJMeterEngine: Running the test!
2025-01-21 17:53:01,332 INFO o.a.j.s.SampleEvent: List of sample_variables: []
2025-01-21 17:53:01,332 INFO o.a.j.g.u.JMeterMenuBar: setRunning(true, *local*)
2025-01-21 17:53:01,362 INFO o.a.j.e.StandardJMeterEngine: Starting ThreadGroup: 1 : Thread Group
2025-01-21 17:53:01,362 INFO o.a.j.e.StandardJMeterEngine: Starting 1 threads for group Thread Group.
2025-01-21 17:53:01,362 INFO o.a.j.e.StandardJMeterEngine: Thread will continue on error
2025-01-21 17:53:01,362 INFO o.a.j.t.ThreadGroup: Starting thread group... number=1 threads=1 ramp-up=1 delayedStart=false
2025-01-21 17:53:01,362 INFO o.a.j.t.ThreadGroup: Started thread group number 1
2025-01-21 17:53:01,362 INFO o.a.j.e.StandardJMeterEngine: All thread groups have been started
2025-01-21 17:53:01,362 INFO o.a.j.t.JMeterThread: Thread started: Thread Group 1-1
2025-01-21 17:53:01,441 INFO o.a.j.t.JMeterThread: Thread is done: Thread Group 1-1
2025-01-21 17:53:01,441 INFO o.a.j.t.JMeterThread: Thread finished: Thread Group 1-1
2025-01-21 17:53:01,442 INFO o.a.j.e.StandardJMeterEngine: Notifying test listeners of end of test
2025-01-21 17:53:01,442 INFO o.a.j.g.u.JMeterMenuBar: setRunning(false, *local*)
2025-01-21 17:55:29,396 INFO o.a.j.e.StandardJMeterEngine: Running the test!
2025-01-21 17:55:29,397 INFO o.a.j.s.SampleEvent: List of sample_variables: []
2025-01-21 17:55:29,397 INFO o.a.j.g.u.JMeterMenuBar: setRunning(true, *local*)
2025-01-21 17:55:29,425 INFO o.a.j.e.StandardJMeterEngine: Starting ThreadGroup: 1 : Thread Group
2025-01-21 17:55:29,425 INFO o.a.j.e.StandardJMeterEngine: Starting 1 threads for group Thread Group.
2025-01-21 17:55:29,425 INFO o.a.j.e.StandardJMeterEngine: Thread will continue on error
2025-01-21 17:55:29,425 INFO o.a.j.t.ThreadGroup: Starting thread group... number=1 threads=1 ramp-up=1 delayedStart=false
2025-01-21 17:55:29,425 INFO o.a.j.t.ThreadGroup: Started thread group number 1
2025-01-21 17:55:29,425 INFO o.a.j.e.StandardJMeterEngine: All thread groups have been started
2025-01-21 17:55:29,425 INFO o.a.j.t.JMeterThread: Thread started: Thread Group 1-1
2025-01-21 17:55:36,467 INFO o.a.j.t.JMeterThread: Thread is done: Thread Group 1-1
2025-01-21 17:55:36,468 INFO o.a.j.t.JMeterThread: Thread finished: Thread Group 1-1
2025-01-21 17:55:36,468 INFO o.a.j.e.StandardJMeterEngine: Notifying test listeners of end of test
2025-01-21 17:55:36,469 INFO o.a.j.g.u.JMeterMenuBar: setRunning(false, *local*)
2025-01-21 17:56:52,411 INFO o.a.j.e.StandardJMeterEngine: Running the test!
2025-01-21 17:56:52,412 INFO o.a.j.s.SampleEvent: List of sample_variables: []
2025-01-21 17:56:52,412 INFO o.a.j.g.u.JMeterMenuBar: setRunning(true, *local*)
2025-01-21 17:56:52,445 INFO o.a.j.e.StandardJMeterEngine: Starting ThreadGroup: 1 : Thread Group
2025-01-21 17:56:52,445 INFO o.a.j.e.StandardJMeterEngine: Starting 1 threads for group Thread Group.
2025-01-21 17:56:52,445 INFO o.a.j.e.StandardJMeterEngine: Thread will continue on error
2025-01-21 17:56:52,445 INFO o.a.j.t.ThreadGroup: Starting thread group... number=1 threads=1 ramp-up=1 delayedStart=false
2025-01-21 17:56:52,446 INFO o.a.j.t.ThreadGroup: Started thread group number 1
2025-01-21 17:56:52,446 INFO o.a.j.e.StandardJMeterEngine: All thread groups have been started
2025-01-21 17:56:52,446 INFO o.a.j.t.JMeterThread: Thread started: Thread Group 1-1
2025-01-21 17:56:58,753 INFO o.a.j.t.JMeterThread: Thread is done: Thread Group 1-1
2025-01-21 17:56:58,753 INFO o.a.j.t.JMeterThread: Thread finished: Thread Group 1-1
2025-01-21 17:56:58,754 INFO o.a.j.e.StandardJMeterEngine: Notifying test listeners of end of test
2025-01-21 17:56:58,754 INFO o.a.j.g.u.JMeterMenuBar: setRunning(false, *local*)
2025-01-21 17:57:56,820 INFO o.a.j.e.StandardJMeterEngine: Running the test!
2025-01-21 17:57:56,820 INFO o.a.j.s.SampleEvent: List of sample_variables: []
2025-01-21 17:57:56,820 INFO o.a.j.g.u.JMeterMenuBar: setRunning(true, *local*)
2025-01-21 17:57:56,850 INFO o.a.j.e.StandardJMeterEngine: Starting ThreadGroup: 1 : Thread Group
2025-01-21 17:57:56,850 INFO o.a.j.e.StandardJMeterEngine: Starting 3 threads for group Thread Group.
2025-01-21 17:57:56,850 INFO o.a.j.e.StandardJMeterEngine: Thread will continue on error
2025-01-21 17:57:56,850 INFO o.a.j.t.ThreadGroup: Starting thread group... number=1 threads=3 ramp-up=1 delayedStart=false
2025-01-21 17:57:56,853 INFO o.a.j.t.JMeterThread: Thread started: Thread Group 1-1
2025-01-21 17:57:56,853 INFO o.a.j.t.ThreadGroup: Started thread group number 1
2025-01-21 17:57:56,853 INFO o.a.j.e.StandardJMeterEngine: All thread groups have been started
2025-01-21 17:57:57,188 INFO o.a.j.t.JMeterThread: Thread started: Thread Group 1-2
2025-01-21 17:57:57,521 INFO o.a.j.t.JMeterThread: Thread started: Thread Group 1-3
2025-01-21 17:58:03,476 INFO o.a.j.t.JMeterThread: Thread is done: Thread Group 1-1
2025-01-21 17:58:03,476 INFO o.a.j.t.JMeterThread: Thread finished: Thread Group 1-1
2025-01-21 17:58:04,160 INFO o.a.j.t.JMeterThread: Thread is done: Thread Group 1-2
2025-01-21 17:58:04,160 INFO o.a.j.t.JMeterThread: Thread is done: Thread Group 1-3
2025-01-21 17:58:04,161 INFO o.a.j.t.JMeterThread: Thread finished: Thread Group 1-3
2025-01-21 17:58:04,161 INFO o.a.j.t.JMeterThread: Thread finished: Thread Group 1-2
2025-01-21 17:58:04,161 INFO o.a.j.e.StandardJMeterEngine: Notifying test listeners of end of test
2025-01-21 17:58:04,161 INFO o.a.j.g.u.JMeterMenuBar: setRunning(false, *local*)
2025-01-21 17:58:58,639 INFO o.a.j.e.StandardJMeterEngine: Running the test!
2025-01-21 17:58:58,640 INFO o.a.j.s.SampleEvent: List of sample_variables: []
2025-01-21 17:58:58,640 INFO o.a.j.g.u.JMeterMenuBar: setRunning(true, *local*)
2025-01-21 17:58:58,668 INFO o.a.j.e.StandardJMeterEngine: Starting ThreadGroup: 1 : Thread Group
2025-01-21 17:58:58,668 INFO o.a.j.e.StandardJMeterEngine: Starting 4 threads for group Thread Group.
2025-01-21 17:58:58,668 INFO o.a.j.e.StandardJMeterEngine: Thread will continue on error
2025-01-21 17:58:58,669 INFO o.a.j.t.ThreadGroup: Starting thread group... number=1 threads=4 ramp-up=1 delayedStart=false
2025-01-21 17:58:58,669 INFO o.a.j.t.ThreadGroup: Started thread group number 1
2025-01-21 17:58:58,669 INFO o.a.j.t.JMeterThread: Thread started: Thread Group 1-1
2025-01-21 17:58:58,669 INFO o.a.j.e.StandardJMeterEngine: All thread groups have been started
2025-01-21 17:58:58,920 INFO o.a.j.t.JMeterThread: Thread started: Thread Group 1-2
2025-01-21 17:58:59,168 INFO o.a.j.t.JMeterThread: Thread is done: Thread Group 1-1
2025-01-21 17:58:59,168 INFO o.a.j.t.JMeterThread: Thread finished: Thread Group 1-1
2025-01-21 17:58:59,174 INFO o.a.j.t.JMeterThread: Thread started: Thread Group 1-3
2025-01-21 17:58:59,369 INFO o.a.j.t.JMeterThread: Thread is done: Thread Group 1-2
2025-01-21 17:58:59,369 INFO o.a.j.t.JMeterThread: Thread finished: Thread Group 1-2
2025-01-21 17:58:59,424 INFO o.a.j.t.JMeterThread: Thread started: Thread Group 1-4
2025-01-21 17:58:59,671 INFO o.a.j.t.JMeterThread: Thread is done: Thread Group 1-3
2025-01-21 17:58:59,671 INFO o.a.j.t.JMeterThread: Thread finished: Thread Group 1-3
2025-01-21 17:58:59,912 INFO o.a.j.t.JMeterThread: Thread is done: Thread Group 1-4
2025-01-21 17:58:59,913 INFO o.a.j.t.JMeterThread: Thread finished: Thread Group 1-4
2025-01-21 17:58:59,913 INFO o.a.j.e.StandardJMeterEngine: Notifying test listeners of end of test
2025-01-21 17:58:59,913 INFO o.a.j.g.u.JMeterMenuBar: setRunning(false, *local*)
